<?xml version="1.0" encoding="UTF-8"?>
<testng-results skipped="0" failed="1" ignored="0" total="1" passed="0">
  <reporter-output>
  </reporter-output>
  <suite name="Suite" duration-ms="55985" started-at="2023-07-15T12:42:42 EDT" finished-at="2023-07-15T12:43:38 EDT">
    <groups>
    </groups>
    <test name="Test" duration-ms="55985" started-at="2023-07-15T12:42:42 EDT" finished-at="2023-07-15T12:43:38 EDT">
      <class name="testcases.TestCase1">
        <test-method status="PASS" signature="beforeSuite()[pri:0, instance:testcases.TestCase1@1a1c291]" name="beforeSuite" is-config="true" duration-ms="342" started-at="2023-07-15T12:42:42 EDT" finished-at="2023-07-15T12:42:42 EDT">
          <reporter-output>
          </reporter-output>
        </test-method> <!-- beforeSuite -->
        <test-method status="PASS" signature="beforeTest()[pri:0, instance:testcases.TestCase1@1a1c291]" name="beforeTest" is-config="true" duration-ms="0" started-at="2023-07-15T12:42:42 EDT" finished-at="2023-07-15T12:42:42 EDT">
          <reporter-output>
          </reporter-output>
        </test-method> <!-- beforeTest -->
        <test-method status="PASS" signature="setData()[pri:0, instance:testcases.TestCase1@1a1c291]" name="setData" is-config="true" duration-ms="0" started-at="2023-07-15T12:42:42 EDT" finished-at="2023-07-15T12:42:42 EDT">
          <reporter-output>
          </reporter-output>
        </test-method> <!-- setData -->
        <test-method status="PASS" signature="beforeMethod()[pri:0, instance:testcases.TestCase1@1a1c291]" name="beforeMethod" is-config="true" duration-ms="5597" started-at="2023-07-15T12:42:42 EDT" finished-at="2023-07-15T12:42:47 EDT">
          <reporter-output>
          </reporter-output>
        </test-method> <!-- beforeMethod -->
        <test-method status="FAIL" signature="testCase1()[pri:0, instance:testcases.TestCase1@1a1c291]" name="testCase1" duration-ms="49400" started-at="2023-07-15T12:42:47 EDT" finished-at="2023-07-15T12:43:37 EDT">
          <exception class="java.lang.StackOverflowError">
            <full-stacktrace>
              <![CDATA[java.lang.StackOverflowError
at java.security.AccessController.doPrivileged(Native Method)
at java.net.URLClassLoader.findClass(Unknown Source)
at java.lang.ClassLoader.loadClass(Unknown Source)
at java.lang.ClassLoader.loadClass(Unknown Source)
at sun.misc.Launcher$AppClassLoader.loadClass(Unknown Source)
at java.lang.ClassLoader.loadClass(Unknown Source)
at org.openqa.selenium.remote.service.DriverCommandExecutor.execute(DriverCommandExecutor.java:84)
at org.openqa.selenium.remote.RemoteWebDriver.execute(RemoteWebDriver.java:601)
at org.openqa.selenium.remote.RemoteWebDriver.execute(RemoteWebDriver.java:658)
at org.openqa.selenium.remote.RemoteWebDriver.getScreenshotAs(RemoteWebDriver.java:340)
at wrappers.GenericWrappers.takeSnap(GenericWrappers.java:544)
at utils.Reporter.reportStep(Reporter.java:19)
at wrappers.GenericWrappers.takeSnap(GenericWrappers.java:547)
at utils.Reporter.reportStep(Reporter.java:19)
at wrappers.GenericWrappers.takeSnap(GenericWrappers.java:547)
at utils.Reporter.reportStep(Reporter.java:19)
at wrappers.GenericWrappers.takeSnap(GenericWrappers.java:547)
at utils.Reporter.reportStep(Reporter.java:19)
at wrappers.GenericWrappers.takeSnap(GenericWrappers.java:547)
at utils.Reporter.reportStep(Reporter.java:19)
at wrappers.GenericWrappers.takeSnap(GenericWrappers.java:547)
at utils.Reporter.reportStep(Reporter.java:19)
at wrappers.GenericWrappers.takeSnap(GenericWrappers.java:547)
at utils.Reporter.reportStep(Reporter.java:19)
at wrappers.GenericWrappers.takeSnap(GenericWrappers.java:547)
at utils.Reporter.reportStep(Reporter.java:19)
at wrappers.GenericWrappers.takeSnap(GenericWrappers.java:547)
at utils.Reporter.reportStep(Reporter.java:19)
at wrappers.GenericWrappers.takeSnap(GenericWrappers.java:547)
at utils.Reporter.reportStep(Reporter.java:19)
at wrappers.GenericWrappers.takeSnap(GenericWrappers.java:547)
at utils.Reporter.reportStep(Reporter.java:19)
at wrappers.GenericWrappers.takeSnap(GenericWrappers.java:547)
at utils.Reporter.reportStep(Reporter.java:19)
at wrappers.GenericWrappers.takeSnap(GenericWrappers.java:547)
at utils.Reporter.reportStep(Reporter.java:19)
at wrappers.GenericWrappers.takeSnap(GenericWrappers.java:547)
at utils.Reporter.reportStep(Reporter.java:19)
at wrappers.GenericWrappers.takeSnap(GenericWrappers.java:547)
at utils.Reporter.reportStep(Reporter.java:19)
at wrappers.GenericWrappers.takeSnap(GenericWrappers.java:547)
at utils.Reporter.reportStep(Reporter.java:19)
at wrappers.GenericWrappers.takeSnap(GenericWrappers.java:547)
at utils.Reporter.reportStep(Reporter.java:19)
at wrappers.GenericWrappers.takeSnap(GenericWrappers.java:547)
at utils.Reporter.reportStep(Reporter.java:19)
at wrappers.GenericWrappers.takeSnap(GenericWrappers.java:547)
at utils.Reporter.reportStep(Reporter.java:19)
at wrappers.GenericWrappers.takeSnap(GenericWrappers.java:547)
at utils.Reporter.reportStep(Reporter.java:19)
at wrappers.GenericWrappers.takeSnap(GenericWrappers.java:547)
at utils.Reporter.reportStep(Reporter.java:19)
at wrappers.GenericWrappers.takeSnap(GenericWrappers.java:547)
at utils.Reporter.reportStep(Reporter.java:19)
at wrappers.GenericWrappers.takeSnap(GenericWrappers.java:547)
at utils.Reporter.reportStep(Reporter.java:19)
at wrappers.GenericWrappers.takeSnap(GenericWrappers.java:547)
at utils.Reporter.reportStep(Reporter.java:19)
at wrappers.GenericWrappers.takeSnap(GenericWrappers.java:547)
at utils.Reporter.reportStep(Reporter.java:19)
at wrappers.GenericWrappers.takeSnap(GenericWrappers.java:547)
at utils.Reporter.reportStep(Reporter.java:19)
at wrappers.GenericWrappers.takeSnap(GenericWrappers.java:547)
at utils.Reporter.reportStep(Reporter.java:19)
at wrappers.GenericWrappers.takeSnap(GenericWrappers.java:547)
at utils.Reporter.reportStep(Reporter.java:19)
at wrappers.GenericWrappers.takeSnap(GenericWrappers.java:547)
at utils.Reporter.reportStep(Reporter.java:19)
at wrappers.GenericWrappers.takeSnap(GenericWrappers.java:547)
at utils.Reporter.reportStep(Reporter.java:19)
at wrappers.GenericWrappers.takeSnap(GenericWrappers.java:547)
at utils.Reporter.reportStep(Reporter.java:19)
at wrappers.GenericWrappers.takeSnap(GenericWrappers.java:547)
at utils.Reporter.reportStep(Reporter.java:19)
at wrappers.GenericWrappers.takeSnap(GenericWrappers.java:547)
at utils.Reporter.reportStep(Reporter.java:19)
at wrappers.GenericWrappers.takeSnap(GenericWrappers.java:547)
at utils.Reporter.reportStep(Reporter.java:19)
at wrappers.GenericWrappers.takeSnap(GenericWrappers.java:547)
at utils.Reporter.reportStep(Reporter.java:19)
at wrappers.GenericWrappers.takeSnap(GenericWrappers.java:547)
at utils.Reporter.reportStep(Reporter.java:19)
at wrappers.GenericWrappers.takeSnap(GenericWrappers.java:547)
at utils.Reporter.reportStep(Reporter.java:19)
at wrappers.GenericWrappers.takeSnap(GenericWrappers.java:547)
at utils.Reporter.reportStep(Reporter.java:19)
at wrappers.GenericWrappers.takeSnap(GenericWrappers.java:547)
at utils.Reporter.reportStep(Reporter.java:19)
at wrappers.GenericWrappers.takeSnap(GenericWrappers.java:547)
at utils.Reporter.reportStep(Reporter.java:19)
at wrappers.GenericWrappers.takeSnap(GenericWrappers.java:547)
at utils.Reporter.reportStep(Reporter.java:19)
at wrappers.GenericWrappers.takeSnap(GenericWrappers.java:547)
at utils.Reporter.reportStep(Reporter.java:19)
at wrappers.GenericWrappers.takeSnap(GenericWrappers.java:547)
at utils.Reporter.reportStep(Reporter.java:19)
at wrappers.GenericWrappers.takeSnap(GenericWrappers.java:547)
at utils.Reporter.reportStep(Reporter.java:19)
at wrappers.GenericWrappers.takeSnap(GenericWrappers.java:547)
at utils.Reporter.reportStep(Reporter.java:19)
at wrappers.GenericWrappers.takeSnap(GenericWrappers.java:547)
at utils.Reporter.reportStep(Reporter.java:19)
at wrappers.GenericWrappers.takeSnap(GenericWrappers.java:547)
at utils.Reporter.reportStep(Reporter.java:19)
at wrappers.GenericWrappers.takeSnap(GenericWrappers.java:547)
at utils.Reporter.reportStep(Reporter.java:19)
at wrappers.GenericWrappers.takeSnap(GenericWrappers.java:547)
at utils.Reporter.reportStep(Reporter.java:19)
at wrappers.GenericWrappers.takeSnap(GenericWrappers.java:547)
at utils.Reporter.reportStep(Reporter.java:19)
at wrappers.GenericWrappers.takeSnap(GenericWrappers.java:547)
at utils.Reporter.reportStep(Reporter.java:19)
at wrappers.GenericWrappers.takeSnap(GenericWrappers.java:547)
at utils.Reporter.reportStep(Reporter.java:19)
at wrappers.GenericWrappers.takeSnap(GenericWrappers.java:547)
at utils.Reporter.reportStep(Reporter.java:19)
at wrappers.GenericWrappers.takeSnap(GenericWrappers.java:547)
at utils.Reporter.reportStep(Reporter.java:19)
at wrappers.GenericWrappers.takeSnap(GenericWrappers.java:547)
at utils.Reporter.reportStep(Reporter.java:19)
at wrappers.GenericWrappers.takeSnap(GenericWrappers.java:547)
at utils.Reporter.reportStep(Reporter.java:19)
at wrappers.GenericWrappers.takeSnap(GenericWrappers.java:547)
at utils.Reporter.reportStep(Reporter.java:19)
at wrappers.GenericWrappers.takeSnap(GenericWrappers.java:547)
at utils.Reporter.reportStep(Reporter.java:19)
at wrappers.GenericWrappers.takeSnap(GenericWrappers.java:547)
at utils.Reporter.reportStep(Reporter.java:19)
at wrappers.GenericWrappers.takeSnap(GenericWrappers.java:547)
at utils.Reporter.reportStep(Reporter.java:19)
at wrappers.GenericWrappers.takeSnap(GenericWrappers.java:547)
at utils.Reporter.reportStep(Reporter.java:19)
at wrappers.GenericWrappers.takeSnap(GenericWrappers.java:547)
at utils.Reporter.reportStep(Reporter.java:19)
at wrappers.GenericWrappers.takeSnap(GenericWrappers.java:547)
at utils.Reporter.reportStep(Reporter.java:19)
at wrappers.GenericWrappers.takeSnap(GenericWrappers.java:547)
at utils.Reporter.reportStep(Reporter.java:19)
at wrappers.GenericWrappers.takeSnap(GenericWrappers.java:547)
at utils.Reporter.reportStep(Reporter.java:19)
at wrappers.GenericWrappers.takeSnap(GenericWrappers.java:547)
at utils.Reporter.reportStep(Reporter.java:19)
at wrappers.GenericWrappers.takeSnap(GenericWrappers.java:547)
at utils.Reporter.reportStep(Reporter.java:19)
at wrappers.GenericWrappers.takeSnap(GenericWrappers.java:547)
at utils.Reporter.reportStep(Reporter.java:19)
at wrappers.GenericWrappers.takeSnap(GenericWrappers.java:547)
at utils.Reporter.reportStep(Reporter.java:19)
at wrappers.GenericWrappers.takeSnap(GenericWrappers.java:547)
at utils.Reporter.reportStep(Reporter.java:19)
at wrappers.GenericWrappers.takeSnap(GenericWrappers.java:547)
at utils.Reporter.reportStep(Reporter.java:19)
at wrappers.GenericWrappers.takeSnap(GenericWrappers.java:547)
at utils.Reporter.reportStep(Reporter.java:19)
at wrappers.GenericWrappers.takeSnap(GenericWrappers.java:547)
at utils.Reporter.reportStep(Reporter.java:19)
at wrappers.GenericWrappers.takeSnap(GenericWrappers.java:547)
at utils.Reporter.reportStep(Reporter.java:19)
at wrappers.GenericWrappers.takeSnap(GenericWrappers.java:547)
at utils.Reporter.reportStep(Reporter.java:19)
at wrappers.GenericWrappers.takeSnap(GenericWrappers.java:547)
at utils.Reporter.reportStep(Reporter.java:19)
at wrappers.GenericWrappers.takeSnap(GenericWrappers.java:547)
at utils.Reporter.reportStep(Reporter.java:19)
at wrappers.GenericWrappers.takeSnap(GenericWrappers.java:547)
at utils.Reporter.reportStep(Reporter.java:19)
at wrappers.GenericWrappers.takeSnap(GenericWrappers.java:547)
at utils.Reporter.reportStep(Reporter.java:19)
at wrappers.GenericWrappers.takeSnap(GenericWrappers.java:547)
at utils.Reporter.reportStep(Reporter.java:19)
at wrappers.GenericWrappers.takeSnap(GenericWrappers.java:547)
at utils.Reporter.reportStep(Reporter.java:19)
at wrappers.GenericWrappers.takeSnap(GenericWrappers.java:547)
at utils.Reporter.reportStep(Reporter.java:19)
at wrappers.GenericWrappers.takeSnap(GenericWrappers.java:547)
at utils.Reporter.reportStep(Reporter.java:19)
at wrappers.GenericWrappers.takeSnap(GenericWrappers.java:547)
at utils.Reporter.reportStep(Reporter.java:19)
at wrappers.GenericWrappers.takeSnap(GenericWrappers.java:547)
at utils.Reporter.reportStep(Reporter.java:19)
at wrappers.GenericWrappers.takeSnap(GenericWrappers.java:547)
at utils.Reporter.reportStep(Reporter.java:19)
at wrappers.GenericWrappers.takeSnap(GenericWrappers.java:547)
at utils.Reporter.reportStep(Reporter.java:19)
at wrappers.GenericWrappers.takeSnap(GenericWrappers.java:547)
at utils.Reporter.reportStep(Reporter.java:19)
at wrappers.GenericWrappers.takeSnap(GenericWrappers.java:547)
at utils.Reporter.reportStep(Reporter.java:19)
at wrappers.GenericWrappers.takeSnap(GenericWrappers.java:547)
at utils.Reporter.reportStep(Reporter.java:19)
at wrappers.GenericWrappers.takeSnap(GenericWrappers.java:547)
at utils.Reporter.reportStep(Reporter.java:19)
at wrappers.GenericWrappers.takeSnap(GenericWrappers.java:547)
at utils.Reporter.reportStep(Reporter.java:19)
at wrappers.GenericWrappers.takeSnap(GenericWrappers.java:547)
at utils.Reporter.reportStep(Reporter.java:19)
at wrappers.GenericWrappers.takeSnap(GenericWrappers.java:547)
at utils.Reporter.reportStep(Reporter.java:19)
at wrappers.GenericWrappers.takeSnap(GenericWrappers.java:547)
at utils.Reporter.reportStep(Reporter.java:19)
at wrappers.GenericWrappers.takeSnap(GenericWrappers.java:547)
at utils.Reporter.reportStep(Reporter.java:19)
at wrappers.GenericWrappers.takeSnap(GenericWrappers.java:547)
at utils.Reporter.reportStep(Reporter.java:19)
at wrappers.GenericWrappers.takeSnap(GenericWrappers.java:547)
at utils.Reporter.reportStep(Reporter.java:19)
at wrappers.GenericWrappers.takeSnap(GenericWrappers.java:547)
at utils.Reporter.reportStep(Reporter.java:19)
at wrappers.GenericWrappers.takeSnap(GenericWrappers.java:547)
at utils.Reporter.reportStep(Reporter.java:19)
at wrappers.GenericWrappers.takeSnap(GenericWrappers.java:547)
at utils.Reporter.reportStep(Reporter.java:19)
at wrappers.GenericWrappers.takeSnap(GenericWrappers.java:547)
at utils.Reporter.reportStep(Reporter.java:19)
at wrappers.GenericWrappers.takeSnap(GenericWrappers.java:547)
at utils.Reporter.reportStep(Reporter.java:19)
at wrappers.GenericWrappers.takeSnap(GenericWrappers.java:547)
at utils.Reporter.reportStep(Reporter.java:19)
at wrappers.GenericWrappers.takeSnap(GenericWrappers.java:547)
at utils.Reporter.reportStep(Reporter.java:19)
at wrappers.GenericWrappers.takeSnap(GenericWrappers.java:547)
at utils.Reporter.reportStep(Reporter.java:19)
at wrappers.GenericWrappers.takeSnap(GenericWrappers.java:547)
at utils.Reporter.reportStep(Reporter.java:19)
at wrappers.GenericWrappers.takeSnap(GenericWrappers.java:547)
at utils.Reporter.reportStep(Reporter.java:19)
at wrappers.GenericWrappers.takeSnap(GenericWrappers.java:547)
at utils.Reporter.reportStep(Reporter.java:19)
at wrappers.GenericWrappers.takeSnap(GenericWrappers.java:547)
at utils.Reporter.reportStep(Reporter.java:19)
at wrappers.GenericWrappers.takeSnap(GenericWrappers.java:547)
at utils.Reporter.reportStep(Reporter.java:19)
at wrappers.GenericWrappers.takeSnap(GenericWrappers.java:547)
at utils.Reporter.reportStep(Reporter.java:19)
at wrappers.GenericWrappers.takeSnap(GenericWrappers.java:547)
at utils.Reporter.reportStep(Reporter.java:19)
at wrappers.GenericWrappers.takeSnap(GenericWrappers.java:547)
at utils.Reporter.reportStep(Reporter.java:19)
at wrappers.GenericWrappers.takeSnap(GenericWrappers.java:547)
at utils.Reporter.reportStep(Reporter.java:19)
at wrappers.GenericWrappers.takeSnap(GenericWrappers.java:547)
at utils.Reporter.reportStep(Reporter.java:19)
at wrappers.GenericWrappers.takeSnap(GenericWrappers.java:547)
at utils.Reporter.reportStep(Reporter.java:19)
at wrappers.GenericWrappers.takeSnap(GenericWrappers.java:547)
at utils.Reporter.reportStep(Reporter.java:19)
at wrappers.GenericWrappers.takeSnap(GenericWrappers.java:547)
at utils.Reporter.reportStep(Reporter.java:19)
at wrappers.GenericWrappers.takeSnap(GenericWrappers.java:547)
at utils.Reporter.reportStep(Reporter.java:19)
at wrappers.GenericWrappers.takeSnap(GenericWrappers.java:547)
at utils.Reporter.reportStep(Reporter.java:19)
at wrappers.GenericWrappers.takeSnap(GenericWrappers.java:547)
at utils.Reporter.reportStep(Reporter.java:19)
at wrappers.GenericWrappers.takeSnap(GenericWrappers.java:547)
at utils.Reporter.reportStep(Reporter.java:19)
at wrappers.GenericWrappers.takeSnap(GenericWrappers.java:547)
at utils.Reporter.reportStep(Reporter.java:19)
at wrappers.GenericWrappers.takeSnap(GenericWrappers.java:547)
at utils.Reporter.reportStep(Reporter.java:19)
at wrappers.GenericWrappers.takeSnap(GenericWrappers.java:547)
at utils.Reporter.reportStep(Reporter.java:19)
at wrappers.GenericWrappers.takeSnap(GenericWrappers.java:547)
at utils.Reporter.reportStep(Reporter.java:19)
at wrappers.GenericWrappers.takeSnap(GenericWrappers.java:547)
at utils.Reporter.reportStep(Reporter.java:19)
at wrappers.GenericWrappers.takeSnap(GenericWrappers.java:547)
at utils.Reporter.reportStep(Reporter.java:19)
at wrappers.GenericWrappers.takeSnap(GenericWrappers.java:547)
at utils.Reporter.reportStep(Reporter.java:19)
at wrappers.GenericWrappers.takeSnap(GenericWrappers.java:547)
at utils.Reporter.reportStep(Reporter.java:19)
at wrappers.GenericWrappers.takeSnap(GenericWrappers.java:547)
at utils.Reporter.reportStep(Reporter.java:19)
at wrappers.GenericWrappers.takeSnap(GenericWrappers.java:547)
at utils.Reporter.reportStep(Reporter.java:19)
at wrappers.GenericWrappers.takeSnap(GenericWrappers.java:547)
at utils.Reporter.reportStep(Reporter.java:19)
at wrappers.GenericWrappers.takeSnap(GenericWrappers.java:547)
at utils.Reporter.reportStep(Reporter.java:19)
at wrappers.GenericWrappers.takeSnap(GenericWrappers.java:547)
at utils.Reporter.reportStep(Reporter.java:19)
at wrappers.GenericWrappers.takeSnap(GenericWrappers.java:547)
at utils.Reporter.reportStep(Reporter.java:19)
at wrappers.GenericWrappers.takeSnap(GenericWrappers.java:547)
at utils.Reporter.reportStep(Reporter.java:19)
at wrappers.GenericWrappers.takeSnap(GenericWrappers.java:547)
at utils.Reporter.reportStep(Reporter.java:19)
at wrappers.GenericWrappers.takeSnap(GenericWrappers.java:547)
at utils.Reporter.reportStep(Reporter.java:19)
at wrappers.GenericWrappers.takeSnap(GenericWrappers.java:547)
at utils.Reporter.reportStep(Reporter.java:19)
at wrappers.GenericWrappers.takeSnap(GenericWrappers.java:547)
at utils.Reporter.reportStep(Reporter.java:19)
at wrappers.GenericWrappers.takeSnap(GenericWrappers.java:547)
at utils.Reporter.reportStep(Reporter.java:19)
at wrappers.GenericWrappers.takeSnap(GenericWrappers.java:547)
at utils.Reporter.reportStep(Reporter.java:19)
at wrappers.GenericWrappers.takeSnap(GenericWrappers.java:547)
at utils.Reporter.reportStep(Reporter.java:19)
at wrappers.GenericWrappers.takeSnap(GenericWrappers.java:547)
at utils.Reporter.reportStep(Reporter.java:19)
at wrappers.GenericWrappers.takeSnap(GenericWrappers.java:547)
at utils.Reporter.reportStep(Reporter.java:19)
at wrappers.GenericWrappers.takeSnap(GenericWrappers.java:547)
at utils.Reporter.reportStep(Reporter.java:19)
at wrappers.GenericWrappers.takeSnap(GenericWrappers.java:547)
at utils.Reporter.reportStep(Reporter.java:19)
at wrappers.GenericWrappers.takeSnap(GenericWrappers.java:547)
at utils.Reporter.reportStep(Reporter.java:19)
at wrappers.GenericWrappers.takeSnap(GenericWrappers.java:547)
at utils.Reporter.reportStep(Reporter.java:19)
at wrappers.GenericWrappers.takeSnap(GenericWrappers.java:547)
at utils.Reporter.reportStep(Reporter.java:19)
at wrappers.GenericWrappers.takeSnap(GenericWrappers.java:547)
at utils.Reporter.reportStep(Reporter.java:19)
at wrappers.GenericWrappers.takeSnap(GenericWrappers.java:547)
at utils.Reporter.reportStep(Reporter.java:19)
at wrappers.GenericWrappers.takeSnap(GenericWrappers.java:547)
at utils.Reporter.reportStep(Reporter.java:19)
at wrappers.GenericWrappers.takeSnap(GenericWrappers.java:547)
at utils.Reporter.reportStep(Reporter.java:19)
at wrappers.GenericWrappers.takeSnap(GenericWrappers.java:547)
at utils.Reporter.reportStep(Reporter.java:19)
at wrappers.GenericWrappers.takeSnap(GenericWrappers.java:547)
at utils.Reporter.reportStep(Reporter.java:19)
at wrappers.GenericWrappers.takeSnap(GenericWrappers.java:547)
at utils.Reporter.reportStep(Reporter.java:19)
at wrappers.GenericWrappers.takeSnap(GenericWrappers.java:547)
at utils.Reporter.reportStep(Reporter.java:19)
at wrappers.GenericWrappers.takeSnap(GenericWrappers.java:547)
at utils.Reporter.reportStep(Reporter.java:19)
at wrappers.GenericWrappers.takeSnap(GenericWrappers.java:547)
at utils.Reporter.reportStep(Reporter.java:19)
at wrappers.GenericWrappers.takeSnap(GenericWrappers.java:547)
at utils.Reporter.reportStep(Reporter.java:19)
at wrappers.GenericWrappers.takeSnap(GenericWrappers.java:547)
at utils.Reporter.reportStep(Reporter.java:19)
at wrappers.GenericWrappers.takeSnap(GenericWrappers.java:547)
at utils.Reporter.reportStep(Reporter.java:19)
at wrappers.GenericWrappers.takeSnap(GenericWrappers.java:547)
at utils.Reporter.reportStep(Reporter.java:19)
at wrappers.GenericWrappers.takeSnap(GenericWrappers.java:547)
at utils.Reporter.reportStep(Reporter.java:19)
at wrappers.GenericWrappers.takeSnap(GenericWrappers.java:547)
at utils.Reporter.reportStep(Reporter.java:19)
at wrappers.GenericWrappers.takeSnap(GenericWrappers.java:547)
at utils.Reporter.reportStep(Reporter.java:19)
at wrappers.GenericWrappers.takeSnap(GenericWrappers.java:547)
at utils.Reporter.reportStep(Reporter.java:19)
at wrappers.GenericWrappers.takeSnap(GenericWrappers.java:547)
at utils.Reporter.reportStep(Reporter.java:19)
at wrappers.GenericWrappers.takeSnap(GenericWrappers.java:547)
at utils.Reporter.reportStep(Reporter.java:19)
at wrappers.GenericWrappers.takeSnap(GenericWrappers.java:547)
at utils.Reporter.reportStep(Reporter.java:19)
at wrappers.GenericWrappers.takeSnap(GenericWrappers.java:547)
at utils.Reporter.reportStep(Reporter.java:19)
at wrappers.GenericWrappers.takeSnap(GenericWrappers.java:547)
at utils.Reporter.reportStep(Reporter.java:19)
at wrappers.GenericWrappers.takeSnap(GenericWrappers.java:547)
at utils.Reporter.reportStep(Reporter.java:19)
at wrappers.GenericWrappers.takeSnap(GenericWrappers.java:547)
at utils.Reporter.reportStep(Reporter.java:19)
at wrappers.GenericWrappers.takeSnap(GenericWrappers.java:547)
at utils.Reporter.reportStep(Reporter.java:19)
at wrappers.GenericWrappers.takeSnap(GenericWrappers.java:547)
at utils.Reporter.reportStep(Reporter.java:19)
at wrappers.GenericWrappers.takeSnap(GenericWrappers.java:547)
at utils.Reporter.reportStep(Reporter.java:19)
at wrappers.GenericWrappers.takeSnap(GenericWrappers.java:547)
at utils.Reporter.reportStep(Reporter.java:19)
at wrappers.GenericWrappers.takeSnap(GenericWrappers.java:547)
at utils.Reporter.reportStep(Reporter.java:19)
at wrappers.GenericWrappers.takeSnap(GenericWrappers.java:547)
at utils.Reporter.reportStep(Reporter.java:19)
at wrappers.GenericWrappers.takeSnap(GenericWrappers.java:547)
at utils.Reporter.reportStep(Reporter.java:19)
at wrappers.GenericWrappers.takeSnap(GenericWrappers.java:547)
at utils.Reporter.reportStep(Reporter.java:19)
at wrappers.GenericWrappers.takeSnap(GenericWrappers.java:547)
at utils.Reporter.reportStep(Reporter.java:19)
at wrappers.GenericWrappers.takeSnap(GenericWrappers.java:547)
at utils.Reporter.reportStep(Reporter.java:19)
at wrappers.GenericWrappers.takeSnap(GenericWrappers.java:547)
at utils.Reporter.reportStep(Reporter.java:19)
at wrappers.GenericWrappers.takeSnap(GenericWrappers.java:547)
at utils.Reporter.reportStep(Reporter.java:19)
at wrappers.GenericWrappers.takeSnap(GenericWrappers.java:547)
at utils.Reporter.reportStep(Reporter.java:19)
at wrappers.GenericWrappers.takeSnap(GenericWrappers.java:547)
at utils.Reporter.reportStep(Reporter.java:19)
at wrappers.GenericWrappers.takeSnap(GenericWrappers.java:547)
at utils.Reporter.reportStep(Reporter.java:19)
at wrappers.GenericWrappers.takeSnap(GenericWrappers.java:547)
at utils.Reporter.reportStep(Reporter.java:19)
at wrappers.GenericWrappers.takeSnap(GenericWrappers.java:547)
at utils.Reporter.reportStep(Reporter.java:19)
at wrappers.GenericWrappers.takeSnap(GenericWrappers.java:547)
at utils.Reporter.reportStep(Reporter.java:19)
at wrappers.GenericWrappers.takeSnap(GenericWrappers.java:547)
at utils.Reporter.reportStep(Reporter.java:19)
at wrappers.GenericWrappers.takeSnap(GenericWrappers.java:547)
at utils.Reporter.reportStep(Reporter.java:19)
at wrappers.GenericWrappers.takeSnap(GenericWrappers.java:547)
at utils.Reporter.reportStep(Reporter.java:19)
at wrappers.GenericWrappers.takeSnap(GenericWrappers.java:547)
at utils.Reporter.reportStep(Reporter.java:19)
at wrappers.GenericWrappers.takeSnap(GenericWrappers.java:547)
at utils.Reporter.reportStep(Reporter.java:19)
at wrappers.GenericWrappers.takeSnap(GenericWrappers.java:547)
at utils.Reporter.reportStep(Reporter.java:19)
at wrappers.GenericWrappers.takeSnap(GenericWrappers.java:547)
at utils.Reporter.reportStep(Reporter.java:19)
at wrappers.GenericWrappers.takeSnap(GenericWrappers.java:547)
at utils.Reporter.reportStep(Reporter.java:19)
at wrappers.GenericWrappers.takeSnap(GenericWrappers.java:547)
at utils.Reporter.reportStep(Reporter.java:19)
at wrappers.GenericWrappers.takeSnap(GenericWrappers.java:547)
at utils.Reporter.reportStep(Reporter.java:19)
at wrappers.GenericWrappers.takeSnap(GenericWrappers.java:547)
at utils.Reporter.reportStep(Reporter.java:19)
at wrappers.GenericWrappers.takeSnap(GenericWrappers.java:547)
at utils.Reporter.reportStep(Reporter.java:19)
at wrappers.GenericWrappers.takeSnap(GenericWrappers.java:547)
at utils.Reporter.reportStep(Reporter.java:19)
at wrappers.GenericWrappers.takeSnap(GenericWrappers.java:547)
at utils.Reporter.reportStep(Reporter.java:19)
at wrappers.GenericWrappers.takeSnap(GenericWrappers.java:547)
at utils.Reporter.reportStep(Reporter.java:19)
at wrappers.GenericWrappers.takeSnap(GenericWrappers.java:547)
at utils.Reporter.reportStep(Reporter.java:19)
at wrappers.GenericWrappers.takeSnap(GenericWrappers.java:547)
at utils.Reporter.reportStep(Reporter.java:19)
at wrappers.GenericWrappers.takeSnap(GenericWrappers.java:547)
at utils.Reporter.reportStep(Reporter.java:19)
at wrappers.GenericWrappers.takeSnap(GenericWrappers.java:547)
at utils.Reporter.reportStep(Reporter.java:19)
at wrappers.GenericWrappers.takeSnap(GenericWrappers.java:547)
at utils.Reporter.reportStep(Reporter.java:19)
at wrappers.GenericWrappers.takeSnap(GenericWrappers.java:547)
at utils.Reporter.reportStep(Reporter.java:19)
at wrappers.GenericWrappers.takeSnap(GenericWrappers.java:547)
at utils.Reporter.reportStep(Reporter.java:19)
at wrappers.GenericWrappers.takeSnap(GenericWrappers.java:547)
at utils.Reporter.reportStep(Reporter.java:19)
at wrappers.GenericWrappers.takeSnap(GenericWrappers.java:547)
at utils.Reporter.reportStep(Reporter.java:19)
at wrappers.GenericWrappers.takeSnap(GenericWrappers.java:547)
at utils.Reporter.reportStep(Reporter.java:19)
at wrappers.GenericWrappers.takeSnap(GenericWrappers.java:547)
at utils.Reporter.reportStep(Reporter.java:19)
at wrappers.GenericWrappers.takeSnap(GenericWrappers.java:547)
at utils.Reporter.reportStep(Reporter.java:19)
at wrappers.GenericWrappers.takeSnap(GenericWrappers.java:547)
at utils.Reporter.reportStep(Reporter.java:19)
at wrappers.GenericWrappers.takeSnap(GenericWrappers.java:547)
at utils.Reporter.reportStep(Reporter.java:19)
at wrappers.GenericWrappers.takeSnap(GenericWrappers.java:547)
at utils.Reporter.reportStep(Reporter.java:19)
at wrappers.GenericWrappers.takeSnap(GenericWrappers.java:547)
at utils.Reporter.reportStep(Reporter.java:19)
at wrappers.GenericWrappers.takeSnap(GenericWrappers.java:547)
at utils.Reporter.reportStep(Reporter.java:19)
at wrappers.GenericWrappers.takeSnap(GenericWrappers.java:547)
at utils.Reporter.reportStep(Reporter.java:19)
at wrappers.GenericWrappers.takeSnap(GenericWrappers.java:547)
at utils.Reporter.reportStep(Reporter.java:19)
at wrappers.GenericWrappers.takeSnap(GenericWrappers.java:547)
at utils.Reporter.reportStep(Reporter.java:19)
at wrappers.GenericWrappers.takeSnap(GenericWrappers.java:547)
at utils.Reporter.reportStep(Reporter.java:19)
at wrappers.GenericWrappers.takeSnap(GenericWrappers.java:547)
at utils.Reporter.reportStep(Reporter.java:19)
at wrappers.GenericWrappers.takeSnap(GenericWrappers.java:547)
at utils.Reporter.reportStep(Reporter.java:19)
at wrappers.GenericWrappers.takeSnap(GenericWrappers.java:547)
at utils.Reporter.reportStep(Reporter.java:19)
at wrappers.GenericWrappers.takeSnap(GenericWrappers.java:547)
at utils.Reporter.reportStep(Reporter.java:19)
at wrappers.GenericWrappers.takeSnap(GenericWrappers.java:547)
at utils.Reporter.reportStep(Reporter.java:19)
at wrappers.GenericWrappers.takeSnap(GenericWrappers.java:547)
at utils.Reporter.reportStep(Reporter.java:19)
at wrappers.GenericWrappers.takeSnap(GenericWrappers.java:547)
at utils.Reporter.reportStep(Reporter.java:19)
at wrappers.GenericWrappers.takeSnap(GenericWrappers.java:547)
at utils.Reporter.reportStep(Reporter.java:19)
at wrappers.GenericWrappers.takeSnap(GenericWrappers.java:547)
at utils.Reporter.reportStep(Reporter.java:19)
at wrappers.GenericWrappers.takeSnap(GenericWrappers.java:547)
at utils.Reporter.reportStep(Reporter.java:19)
at wrappers.GenericWrappers.takeSnap(GenericWrappers.java:547)
at utils.Reporter.reportStep(Reporter.java:19)
at wrappers.GenericWrappers.takeSnap(GenericWrappers.java:547)
at utils.Reporter.reportStep(Reporter.java:19)
at wrappers.GenericWrappers.takeSnap(GenericWrappers.java:547)
at utils.Reporter.reportStep(Reporter.java:19)
at wrappers.GenericWrappers.takeSnap(GenericWrappers.java:547)
at utils.Reporter.reportStep(Reporter.java:19)
at wrappers.GenericWrappers.takeSnap(GenericWrappers.java:547)
at utils.Reporter.reportStep(Reporter.java:19)
at wrappers.GenericWrappers.takeSnap(GenericWrappers.java:547)
at utils.Reporter.reportStep(Reporter.java:19)
at wrappers.GenericWrappers.takeSnap(GenericWrappers.java:547)
at utils.Reporter.reportStep(Reporter.java:19)
at wrappers.GenericWrappers.takeSnap(GenericWrappers.java:547)
at utils.Reporter.reportStep(Reporter.java:19)
at wrappers.GenericWrappers.takeSnap(GenericWrappers.java:547)
at utils.Reporter.reportStep(Reporter.java:19)
at wrappers.GenericWrappers.takeSnap(GenericWrappers.java:547)
at utils.Reporter.reportStep(Reporter.java:19)
at wrappers.GenericWrappers.takeSnap(GenericWrappers.java:547)
at utils.Reporter.reportStep(Reporter.java:19)
at wrappers.GenericWrappers.takeSnap(GenericWrappers.java:547)
at utils.Reporter.reportStep(Reporter.java:19)
at wrappers.GenericWrappers.takeSnap(GenericWrappers.java:547)
at utils.Reporter.reportStep(Reporter.java:19)
at wrappers.GenericWrappers.takeSnap(GenericWrappers.java:547)
at utils.Reporter.reportStep(Reporter.java:19)
at wrappers.GenericWrappers.takeSnap(GenericWrappers.java:547)
at utils.Reporter.reportStep(Reporter.java:19)
at wrappers.GenericWrappers.takeSnap(GenericWrappers.java:547)
at utils.Reporter.reportStep(Reporter.java:19)
at wrappers.GenericWrappers.takeSnap(GenericWrappers.java:547)
at utils.Reporter.reportStep(Reporter.java:19)
at wrappers.GenericWrappers.takeSnap(GenericWrappers.java:547)
at utils.Reporter.reportStep(Reporter.java:19)
at wrappers.GenericWrappers.takeSnap(GenericWrappers.java:547)
at utils.Reporter.reportStep(Reporter.java:19)
at wrappers.GenericWrappers.takeSnap(GenericWrappers.java:547)
at utils.Reporter.reportStep(Reporter.java:19)
at wrappers.GenericWrappers.takeSnap(GenericWrappers.java:547)
at utils.Reporter.reportStep(Reporter.java:19)
at wrappers.GenericWrappers.takeSnap(GenericWrappers.java:547)
at utils.Reporter.reportStep(Reporter.java:19)
at wrappers.GenericWrappers.takeSnap(GenericWrappers.java:547)
at utils.Reporter.reportStep(Reporter.java:19)
at wrappers.GenericWrappers.takeSnap(GenericWrappers.java:547)
at utils.Reporter.reportStep(Reporter.java:19)
at wrappers.GenericWrappers.takeSnap(GenericWrappers.java:547)
at utils.Reporter.reportStep(Reporter.java:19)
at wrappers.GenericWrappers.takeSnap(GenericWrappers.java:547)
at utils.Reporter.reportStep(Reporter.java:19)
at wrappers.GenericWrappers.takeSnap(GenericWrappers.java:547)
at utils.Reporter.reportStep(Reporter.java:19)
at wrappers.GenericWrappers.takeSnap(GenericWrappers.java:547)
at utils.Reporter.reportStep(Reporter.java:19)
at wrappers.GenericWrappers.takeSnap(GenericWrappers.java:547)
at utils.Reporter.reportStep(Reporter.java:19)
at wrappers.GenericWrappers.takeSnap(GenericWrappers.java:547)
at utils.Reporter.reportStep(Reporter.java:19)
at wrappers.GenericWrappers.takeSnap(GenericWrappers.java:547)
at utils.Reporter.reportStep(Reporter.java:19)
at wrappers.GenericWrappers.takeSnap(GenericWrappers.java:547)
at utils.Reporter.reportStep(Reporter.java:19)
at wrappers.GenericWrappers.takeSnap(GenericWrappers.java:547)
at utils.Reporter.reportStep(Reporter.java:19)
at wrappers.GenericWrappers.takeSnap(GenericWrappers.java:547)
at utils.Reporter.reportStep(Reporter.java:19)
at wrappers.GenericWrappers.takeSnap(GenericWrappers.java:547)
at utils.Reporter.reportStep(Reporter.java:19)
at wrappers.GenericWrappers.takeSnap(GenericWrappers.java:547)
at utils.Reporter.reportStep(Reporter.java:19)
at wrappers.GenericWrappers.takeSnap(GenericWrappers.java:547)
at utils.Reporter.reportStep(Reporter.java:19)
at wrappers.GenericWrappers.takeSnap(GenericWrappers.java:547)
at utils.Reporter.reportStep(Reporter.java:19)
at wrappers.GenericWrappers.takeSnap(GenericWrappers.java:547)
at utils.Reporter.reportStep(Reporter.java:19)
at wrappers.GenericWrappers.takeSnap(GenericWrappers.java:547)
at utils.Reporter.reportStep(Reporter.java:19)
at wrappers.GenericWrappers.takeSnap(GenericWrappers.java:547)
at utils.Reporter.reportStep(Reporter.java:19)
at wrappers.GenericWrappers.takeSnap(GenericWrappers.java:547)
at utils.Reporter.reportStep(Reporter.java:19)
at wrappers.GenericWrappers.takeSnap(GenericWrappers.java:547)
at utils.Reporter.reportStep(Reporter.java:19)
at wrappers.GenericWrappers.takeSnap(GenericWrappers.java:547)
at utils.Reporter.reportStep(Reporter.java:19)
at wrappers.GenericWrappers.takeSnap(GenericWrappers.java:547)
at utils.Reporter.reportStep(Reporter.java:19)
at wrappers.GenericWrappers.takeSnap(GenericWrappers.java:547)
at utils.Reporter.reportStep(Reporter.java:19)
at wrappers.GenericWrappers.takeSnap(GenericWrappers.java:547)
at utils.Reporter.reportStep(Reporter.java:19)
at wrappers.GenericWrappers.takeSnap(GenericWrappers.java:547)
at utils.Reporter.reportStep(Reporter.java:19)
at wrappers.GenericWrappers.takeSnap(GenericWrappers.java:547)
at utils.Reporter.reportStep(Reporter.java:19)
at wrappers.GenericWrappers.takeSnap(GenericWrappers.java:547)
at utils.Reporter.reportStep(Reporter.java:19)
at wrappers.GenericWrappers.takeSnap(GenericWrappers.java:547)
at utils.Reporter.reportStep(Reporter.java:19)
at wrappers.GenericWrappers.takeSnap(GenericWrappers.java:547)
at utils.Reporter.reportStep(Reporter.java:19)
at wrappers.GenericWrappers.takeSnap(GenericWrappers.java:547)
at utils.Reporter.reportStep(Reporter.java:19)
at wrappers.GenericWrappers.takeSnap(GenericWrappers.java:547)
at utils.Reporter.reportStep(Reporter.java:19)
at wrappers.GenericWrappers.takeSnap(GenericWrappers.java:547)
at utils.Reporter.reportStep(Reporter.java:19)
at wrappers.GenericWrappers.takeSnap(GenericWrappers.java:547)
at utils.Reporter.reportStep(Reporter.java:19)
at wrappers.GenericWrappers.takeSnap(GenericWrappers.java:547)
at utils.Reporter.reportStep(Reporter.java:19)
at wrappers.GenericWrappers.takeSnap(GenericWrappers.java:547)
at utils.Reporter.reportStep(Reporter.java:19)
at wrappers.GenericWrappers.takeSnap(GenericWrappers.java:547)
at utils.Reporter.reportStep(Reporter.java:19)
at wrappers.GenericWrappers.takeSnap(GenericWrappers.java:547)
at utils.Reporter.reportStep(Reporter.java:19)
at wrappers.GenericWrappers.takeSnap(GenericWrappers.java:547)
at utils.Reporter.reportStep(Reporter.java:19)
at wrappers.GenericWrappers.takeSnap(GenericWrappers.java:547)
at utils.Reporter.reportStep(Reporter.java:19)
at wrappers.GenericWrappers.takeSnap(GenericWrappers.java:547)
at utils.Reporter.reportStep(Reporter.java:19)
at wrappers.GenericWrappers.takeSnap(GenericWrappers.java:547)
at utils.Reporter.reportStep(Reporter.java:19)
at wrappers.GenericWrappers.takeSnap(GenericWrappers.java:547)
at utils.Reporter.reportStep(Reporter.java:19)
at wrappers.GenericWrappers.takeSnap(GenericWrappers.java:547)
at utils.Reporter.reportStep(Reporter.java:19)
at wrappers.GenericWrappers.takeSnap(GenericWrappers.java:547)
at utils.Reporter.reportStep(Reporter.java:19)
at wrappers.GenericWrappers.takeSnap(GenericWrappers.java:547)
at utils.Reporter.reportStep(Reporter.java:19)
at wrappers.GenericWrappers.takeSnap(GenericWrappers.java:547)
at utils.Reporter.reportStep(Reporter.java:19)
at wrappers.GenericWrappers.takeSnap(GenericWrappers.java:547)
at utils.Reporter.reportStep(Reporter.java:19)
at wrappers.GenericWrappers.takeSnap(GenericWrappers.java:547)
at utils.Reporter.reportStep(Reporter.java:19)
at wrappers.GenericWrappers.takeSnap(GenericWrappers.java:547)
at utils.Reporter.reportStep(Reporter.java:19)
at wrappers.GenericWrappers.takeSnap(GenericWrappers.java:547)
at utils.Reporter.reportStep(Reporter.java:19)
at wrappers.GenericWrappers.takeSnap(GenericWrappers.java:547)
at utils.Reporter.reportStep(Reporter.java:19)
at wrappers.GenericWrappers.takeSnap(GenericWrappers.java:547)
at utils.Reporter.reportStep(Reporter.java:19)
at wrappers.GenericWrappers.takeSnap(GenericWrappers.java:547)
at utils.Reporter.reportStep(Reporter.java:19)
at wrappers.GenericWrappers.takeSnap(GenericWrappers.java:547)
at utils.Reporter.reportStep(Reporter.java:19)
at wrappers.GenericWrappers.takeSnap(GenericWrappers.java:547)
at utils.Reporter.reportStep(Reporter.java:19)
at wrappers.GenericWrappers.takeSnap(GenericWrappers.java:547)
at utils.Reporter.reportStep(Reporter.java:19)
at wrappers.GenericWrappers.takeSnap(GenericWrappers.java:547)
at utils.Reporter.reportStep(Reporter.java:19)
at wrappers.GenericWrappers.takeSnap(GenericWrappers.java:547)
at utils.Reporter.reportStep(Reporter.java:19)
at wrappers.GenericWrappers.takeSnap(GenericWrappers.java:547)
at utils.Reporter.reportStep(Reporter.java:19)
at wrappers.GenericWrappers.takeSnap(GenericWrappers.java:547)
at utils.Reporter.reportStep(Reporter.java:19)
at wrappers.GenericWrappers.takeSnap(GenericWrappers.java:547)
at utils.Reporter.reportStep(Reporter.java:19)
at wrappers.GenericWrappers.takeSnap(GenericWrappers.java:547)
at utils.Reporter.reportStep(Reporter.java:19)
at wrappers.GenericWrappers.takeSnap(GenericWrappers.java:547)
at utils.Reporter.reportStep(Reporter.java:19)
at wrappers.GenericWrappers.takeSnap(GenericWrappers.java:547)
at utils.Reporter.reportStep(Reporter.java:19)
at wrappers.GenericWrappers.takeSnap(GenericWrappers.java:547)
at utils.Reporter.reportStep(Reporter.java:19)
at wrappers.GenericWrappers.takeSnap(GenericWrappers.java:547)
at utils.Reporter.reportStep(Reporter.java:19)
at wrappers.GenericWrappers.takeSnap(GenericWrappers.java:547)
at utils.Reporter.reportStep(Reporter.java:19)
at wrappers.GenericWrappers.takeSnap(GenericWrappers.java:547)
at utils.Reporter.reportStep(Reporter.java:19)
at wrappers.GenericWrappers.takeSnap(GenericWrappers.java:547)
at utils.Reporter.reportStep(Reporter.java:19)
at wrappers.GenericWrappers.takeSnap(GenericWrappers.java:547)
at utils.Reporter.reportStep(Reporter.java:19)
at wrappers.GenericWrappers.takeSnap(GenericWrappers.java:547)
at utils.Reporter.reportStep(Reporter.java:19)
at wrappers.GenericWrappers.takeSnap(GenericWrappers.java:547)
at utils.Reporter.reportStep(Reporter.java:19)
at wrappers.GenericWrappers.takeSnap(GenericWrappers.java:547)
at utils.Reporter.reportStep(Reporter.java:19)
at wrappers.GenericWrappers.takeSnap(GenericWrappers.java:547)
at utils.Reporter.reportStep(Reporter.java:19)
at wrappers.GenericWrappers.takeSnap(GenericWrappers.java:547)
at utils.Reporter.reportStep(Reporter.java:19)
at wrappers.GenericWrappers.takeSnap(GenericWrappers.java:547)
at utils.Reporter.reportStep(Reporter.java:19)
at wrappers.GenericWrappers.takeSnap(GenericWrappers.java:547)
at utils.Reporter.reportStep(Reporter.java:19)
at wrappers.GenericWrappers.takeSnap(GenericWrappers.java:547)
at utils.Reporter.reportStep(Reporter.java:19)
at wrappers.GenericWrappers.takeSnap(GenericWrappers.java:547)
at utils.Reporter.reportStep(Reporter.java:19)
at wrappers.GenericWrappers.takeSnap(GenericWrappers.java:547)
at utils.Reporter.reportStep(Reporter.java:19)
at wrappers.GenericWrappers.takeSnap(GenericWrappers.java:547)
at utils.Reporter.reportStep(Reporter.java:19)
at wrappers.GenericWrappers.takeSnap(GenericWrappers.java:547)
at utils.Reporter.reportStep(Reporter.java:19)
at wrappers.GenericWrappers.takeSnap(GenericWrappers.java:547)
at utils.Reporter.reportStep(Reporter.java:19)
at wrappers.GenericWrappers.takeSnap(GenericWrappers.java:547)
at utils.Reporter.reportStep(Reporter.java:19)
at wrappers.GenericWrappers.takeSnap(GenericWrappers.java:547)
at utils.Reporter.reportStep(Reporter.java:19)
at wrappers.GenericWrappers.takeSnap(GenericWrappers.java:547)
at utils.Reporter.reportStep(Reporter.java:19)
at wrappers.GenericWrappers.takeSnap(GenericWrappers.java:547)
at utils.Reporter.reportStep(Reporter.java:19)
at wrappers.GenericWrappers.takeSnap(GenericWrappers.java:547)
at utils.Reporter.reportStep(Reporter.java:19)
at wrappers.GenericWrappers.takeSnap(GenericWrappers.java:547)
at utils.Reporter.reportStep(Reporter.java:19)
at wrappers.GenericWrappers.takeSnap(GenericWrappers.java:547)
at utils.Reporter.reportStep(Reporter.java:19)
at wrappers.GenericWrappers.takeSnap(GenericWrappers.java:547)
at utils.Reporter.reportStep(Reporter.java:19)
at wrappers.GenericWrappers.takeSnap(GenericWrappers.java:547)
at utils.Reporter.reportStep(Reporter.java:19)
at wrappers.GenericWrappers.takeSnap(GenericWrappers.java:547)
at utils.Reporter.reportStep(Reporter.java:19)
at wrappers.GenericWrappers.takeSnap(GenericWrappers.java:547)
at utils.Reporter.reportStep(Reporter.java:19)
at wrappers.GenericWrappers.takeSnap(GenericWrappers.java:547)
at utils.Reporter.reportStep(Reporter.java:19)
at wrappers.GenericWrappers.takeSnap(GenericWrappers.java:547)
at utils.Reporter.reportStep(Reporter.java:19)
at wrappers.GenericWrappers.takeSnap(GenericWrappers.java:547)
at utils.Reporter.reportStep(Reporter.java:19)
at wrappers.GenericWrappers.takeSnap(GenericWrappers.java:547)
at utils.Reporter.reportStep(Reporter.java:19)
at wrappers.GenericWrappers.takeSnap(GenericWrappers.java:547)
at utils.Reporter.reportStep(Reporter.java:19)
at wrappers.GenericWrappers.takeSnap(GenericWrappers.java:547)
at utils.Reporter.reportStep(Reporter.java:19)
at wrappers.GenericWrappers.takeSnap(GenericWrappers.java:547)
at utils.Reporter.reportStep(Reporter.java:19)
at wrappers.GenericWrappers.takeSnap(GenericWrappers.java:547)
at utils.Reporter.reportStep(Reporter.java:19)
at wrappers.GenericWrappers.takeSnap(GenericWrappers.java:547)
at utils.Reporter.reportStep(Reporter.java:19)
at wrappers.GenericWrappers.takeSnap(GenericWrappers.java:547)
at utils.Reporter.reportStep(Reporter.java:19)
at wrappers.GenericWrappers.takeSnap(GenericWrappers.java:547)
at utils.Reporter.reportStep(Reporter.java:19)
at wrappers.GenericWrappers.takeSnap(GenericWrappers.java:547)
at utils.Reporter.reportStep(Reporter.java:19)
at wrappers.GenericWrappers.takeSnap(GenericWrappers.java:547)
at utils.Reporter.reportStep(Reporter.java:19)
at wrappers.GenericWrappers.takeSnap(GenericWrappers.java:547)
at utils.Reporter.reportStep(Reporter.java:19)
at wrappers.GenericWrappers.takeSnap(GenericWrappers.java:547)
at utils.Reporter.reportStep(Reporter.java:19)
at wrappers.GenericWrappers.takeSnap(GenericWrappers.java:547)
at utils.Reporter.reportStep(Reporter.java:19)
at wrappers.GenericWrappers.takeSnap(GenericWrappers.java:547)
at utils.Reporter.reportStep(Reporter.java:19)
at wrappers.GenericWrappers.takeSnap(GenericWrappers.java:547)
at utils.Reporter.reportStep(Reporter.java:19)
at wrappers.GenericWrappers.takeSnap(GenericWrappers.java:547)
at utils.Reporter.reportStep(Reporter.java:19)
at wrappers.GenericWrappers.takeSnap(GenericWrappers.java:547)
at utils.Reporter.reportStep(Reporter.java:19)
at wrappers.GenericWrappers.takeSnap(GenericWrappers.java:547)
at utils.Reporter.reportStep(Reporter.java:19)
at wrappers.GenericWrappers.takeSnap(GenericWrappers.java:547)
at utils.Reporter.reportStep(Reporter.java:19)
at wrappers.GenericWrappers.takeSnap(GenericWrappers.java:547)
at utils.Reporter.reportStep(Reporter.java:19)
at wrappers.GenericWrappers.takeSnap(GenericWrappers.java:547)
at utils.Reporter.reportStep(Reporter.java:19)
at wrappers.GenericWrappers.takeSnap(GenericWrappers.java:547)
at utils.Reporter.reportStep(Reporter.java:19)
at wrappers.GenericWrappers.takeSnap(GenericWrappers.java:547)
at utils.Reporter.reportStep(Reporter.java:19)
at wrappers.GenericWrappers.takeSnap(GenericWrappers.java:547)
at utils.Reporter.reportStep(Reporter.java:19)
at wrappers.GenericWrappers.takeSnap(GenericWrappers.java:547)
at utils.Reporter.reportStep(Reporter.java:19)
at wrappers.GenericWrappers.takeSnap(GenericWrappers.java:547)
at utils.Reporter.reportStep(Reporter.java:19)
at wrappers.GenericWrappers.takeSnap(GenericWrappers.java:547)
at utils.Reporter.reportStep(Reporter.java:19)
at wrappers.GenericWrappers.takeSnap(GenericWrappers.java:547)
at utils.Reporter.reportStep(Reporter.java:19)
at wrappers.GenericWrappers.takeSnap(GenericWrappers.java:547)
at utils.Reporter.reportStep(Reporter.java:19)
at wrappers.GenericWrappers.takeSnap(GenericWrappers.java:547)
at utils.Reporter.reportStep(Reporter.java:19)
at wrappers.GenericWrappers.takeSnap(GenericWrappers.java:547)
at utils.Reporter.reportStep(Reporter.java:19)
at wrappers.GenericWrappers.takeSnap(GenericWrappers.java:547)
at utils.Reporter.reportStep(Reporter.java:19)
at wrappers.GenericWrappers.takeSnap(GenericWrappers.java:547)
at utils.Reporter.reportStep(Reporter.java:19)
at wrappers.GenericWrappers.takeSnap(GenericWrappers.java:547)
at utils.Reporter.reportStep(Reporter.java:19)
at wrappers.GenericWrappers.takeSnap(GenericWrappers.java:547)
at utils.Reporter.reportStep(Reporter.java:19)
at wrappers.GenericWrappers.takeSnap(GenericWrappers.java:547)
at utils.Reporter.reportStep(Reporter.java:19)
at wrappers.GenericWrappers.takeSnap(GenericWrappers.java:547)
at utils.Reporter.reportStep(Reporter.java:19)
at wrappers.GenericWrappers.takeSnap(GenericWrappers.java:547)
at utils.Reporter.reportStep(Reporter.java:19)
at wrappers.GenericWrappers.takeSnap(GenericWrappers.java:547)
at utils.Reporter.reportStep(Reporter.java:19)
at wrappers.GenericWrappers.takeSnap(GenericWrappers.java:547)
at utils.Reporter.reportStep(Reporter.java:19)
at wrappers.GenericWrappers.takeSnap(GenericWrappers.java:547)
at utils.Reporter.reportStep(Reporter.java:19)
at wrappers.GenericWrappers.takeSnap(GenericWrappers.java:547)
at utils.Reporter.reportStep(Reporter.java:19)
at wrappers.GenericWrappers.takeSnap(GenericWrappers.java:547)
at utils.Reporter.reportStep(Reporter.java:19)
at wrappers.GenericWrappers.takeSnap(GenericWrappers.java:547)
at utils.Reporter.reportStep(Reporter.java:19)
at wrappers.GenericWrappers.takeSnap(GenericWrappers.java:547)
at utils.Reporter.reportStep(Reporter.java:19)
at wrappers.GenericWrappers.takeSnap(GenericWrappers.java:547)
at utils.Reporter.reportStep(Reporter.java:19)
at wrappers.GenericWrappers.takeSnap(GenericWrappers.java:547)
at utils.Reporter.reportStep(Reporter.java:19)
at wrappers.GenericWrappers.takeSnap(GenericWrappers.java:547)
at utils.Reporter.reportStep(Reporter.java:19)
at wrappers.GenericWrappers.takeSnap(GenericWrappers.java:547)
at utils.Reporter.reportStep(Reporter.java:19)
at wrappers.GenericWrappers.takeSnap(GenericWrappers.java:547)
at utils.Reporter.reportStep(Reporter.java:19)
at wrappers.GenericWrappers.takeSnap(GenericWrappers.java:547)
at utils.Reporter.reportStep(Reporter.java:19)
at wrappers.GenericWrappers.takeSnap(GenericWrappers.java:547)
at utils.Reporter.reportStep(Reporter.java:19)
at wrappers.GenericWrappers.takeSnap(GenericWrappers.java:547)
at utils.Reporter.reportStep(Reporter.java:19)
at wrappers.GenericWrappers.takeSnap(GenericWrappers.java:547)
at utils.Reporter.reportStep(Reporter.java:19)
at wrappers.GenericWrappers.takeSnap(GenericWrappers.java:547)
at utils.Reporter.reportStep(Reporter.java:19)
at wrappers.GenericWrappers.takeSnap(GenericWrappers.java:547)
at utils.Reporter.reportStep(Reporter.java:19)
at wrappers.GenericWrappers.takeSnap(GenericWrappers.java:547)
at utils.Reporter.reportStep(Reporter.java:19)
at wrappers.GenericWrappers.takeSnap(GenericWrappers.java:547)
at utils.Reporter.reportStep(Reporter.java:19)
at wrappers.GenericWrappers.takeSnap(GenericWrappers.java:547)
at utils.Reporter.reportStep(Reporter.java:19)
at wrappers.GenericWrappers.takeSnap(GenericWrappers.java:547)
at utils.Reporter.reportStep(Reporter.java:19)
at wrappers.GenericWrappers.takeSnap(GenericWrappers.java:547)
at utils.Reporter.reportStep(Reporter.java:19)
at wrappers.GenericWrappers.takeSnap(GenericWrappers.java:547)
at utils.Reporter.reportStep(Reporter.java:19)
at wrappers.GenericWrappers.takeSnap(GenericWrappers.java:547)
at utils.Reporter.reportStep(Reporter.java:19)
at wrappers.GenericWrappers.takeSnap(GenericWrappers.java:547)
at utils.Reporter.reportStep(Reporter.java:19)
at wrappers.GenericWrappers.takeSnap(GenericWrappers.java:547)
at utils.Reporter.reportStep(Reporter.java:19)
at wrappers.GenericWrappers.takeSnap(GenericWrappers.java:547)
at utils.Reporter.reportStep(Reporter.java:19)
at wrappers.GenericWrappers.takeSnap(GenericWrappers.java:547)
at utils.Reporter.reportStep(Reporter.java:19)
at wrappers.GenericWrappers.takeSnap(GenericWrappers.java:547)
at utils.Reporter.reportStep(Reporter.java:19)
at wrappers.GenericWrappers.takeSnap(GenericWrappers.java:547)
at utils.Reporter.reportStep(Reporter.java:19)
at wrappers.GenericWrappers.takeSnap(GenericWrappers.java:547)
at utils.Reporter.reportStep(Reporter.java:19)
at wrappers.GenericWrappers.takeSnap(GenericWrappers.java:547)
at utils.Reporter.reportStep(Reporter.java:19)
at wrappers.GenericWrappers.takeSnap(GenericWrappers.java:547)
at utils.Reporter.reportStep(Reporter.java:19)
at wrappers.GenericWrappers.takeSnap(GenericWrappers.java:547)
at utils.Reporter.reportStep(Reporter.java:19)
at wrappers.GenericWrappers.takeSnap(GenericWrappers.java:547)
at utils.Reporter.reportStep(Reporter.java:19)
at wrappers.GenericWrappers.takeSnap(GenericWrappers.java:547)
at utils.Reporter.reportStep(Reporter.java:19)
at wrappers.GenericWrappers.takeSnap(GenericWrappers.java:547)
at utils.Reporter.reportStep(Reporter.java:19)
at wrappers.GenericWrappers.takeSnap(GenericWrappers.java:547)
at utils.Reporter.reportStep(Reporter.java:19)
at wrappers.GenericWrappers.takeSnap(GenericWrappers.java:547)
at utils.Reporter.reportStep(Reporter.java:19)
at wrappers.GenericWrappers.takeSnap(GenericWrappers.java:547)
at utils.Reporter.reportStep(Reporter.java:19)
at wrappers.GenericWrappers.takeSnap(GenericWrappers.java:547)
at utils.Reporter.reportStep(Reporter.java:19)
at wrappers.GenericWrappers.takeSnap(GenericWrappers.java:547)
at utils.Reporter.reportStep(Reporter.java:19)
at wrappers.GenericWrappers.takeSnap(GenericWrappers.java:547)
at utils.Reporter.reportStep(Reporter.java:19)
at wrappers.GenericWrappers.takeSnap(GenericWrappers.java:547)
at utils.Reporter.reportStep(Reporter.java:19)
at wrappers.GenericWrappers.takeSnap(GenericWrappers.java:547)
at utils.Reporter.reportStep(Reporter.java:19)
at wrappers.GenericWrappers.takeSnap(GenericWrappers.java:547)
at utils.Reporter.reportStep(Reporter.java:19)
at wrappers.GenericWrappers.takeSnap(GenericWrappers.java:547)
at utils.Reporter.reportStep(Reporter.java:19)
at wrappers.GenericWrappers.takeSnap(GenericWrappers.java:547)
at utils.Reporter.reportStep(Reporter.java:19)
at wrappers.GenericWrappers.takeSnap(GenericWrappers.java:547)
at utils.Reporter.reportStep(Reporter.java:19)
at wrappers.GenericWrappers.takeSnap(GenericWrappers.java:547)
at utils.Reporter.reportStep(Reporter.java:19)
at wrappers.GenericWrappers.takeSnap(GenericWrappers.java:547)
at utils.Reporter.reportStep(Reporter.java:19)
at wrappers.GenericWrappers.takeSnap(GenericWrappers.java:547)
at utils.Reporter.reportStep(Reporter.java:19)
at wrappers.GenericWrappers.takeSnap(GenericWrappers.java:547)
at utils.Reporter.reportStep(Reporter.java:19)
at wrappers.GenericWrappers.takeSnap(GenericWrappers.java:547)
at utils.Reporter.reportStep(Reporter.java:19)
at wrappers.GenericWrappers.takeSnap(GenericWrappers.java:547)
at utils.Reporter.reportStep(Reporter.java:19)
at wrappers.GenericWrappers.takeSnap(GenericWrappers.java:547)
at utils.Reporter.reportStep(Reporter.java:19)
at wrappers.GenericWrappers.takeSnap(GenericWrappers.java:547)
at utils.Reporter.reportStep(Reporter.java:19)
at wrappers.GenericWrappers.takeSnap(GenericWrappers.java:547)
at utils.Reporter.reportStep(Reporter.java:19)
at wrappers.GenericWrappers.takeSnap(GenericWrappers.java:547)
at utils.Reporter.reportStep(Reporter.java:19)
at wrappers.GenericWrappers.takeSnap(GenericWrappers.java:547)
at utils.Reporter.reportStep(Reporter.java:19)
at wrappers.GenericWrappers.takeSnap(GenericWrappers.java:547)
at utils.Reporter.reportStep(Reporter.java:19)
at wrappers.GenericWrappers.takeSnap(GenericWrappers.java:547)
at utils.Reporter.reportStep(Reporter.java:19)
at wrappers.GenericWrappers.takeSnap(GenericWrappers.java:547)
at utils.Reporter.reportStep(Reporter.java:19)
at wrappers.GenericWrappers.takeSnap(GenericWrappers.java:547)
at utils.Reporter.reportStep(Reporter.java:19)
at wrappers.GenericWrappers.takeSnap(GenericWrappers.java:547)
at utils.Reporter.reportStep(Reporter.java:19)
at wrappers.GenericWrappers.takeSnap(GenericWrappers.java:547)
at utils.Reporter.reportStep(Reporter.java:19)
at wrappers.GenericWrappers.takeSnap(GenericWrappers.java:547)
at utils.Reporter.reportStep(Reporter.java:19)
at wrappers.GenericWrappers.takeSnap(GenericWrappers.java:547)
at utils.Reporter.reportStep(Reporter.java:19)
at wrappers.GenericWrappers.takeSnap(GenericWrappers.java:547)
at utils.Reporter.reportStep(Reporter.java:19)
at wrappers.GenericWrappers.takeSnap(GenericWrappers.java:547)
at utils.Reporter.reportStep(Reporter.java:19)
at wrappers.GenericWrappers.takeSnap(GenericWrappers.java:547)
at utils.Reporter.reportStep(Reporter.java:19)
at wrappers.GenericWrappers.takeSnap(GenericWrappers.java:547)
at utils.Reporter.reportStep(Reporter.java:19)
at wrappers.GenericWrappers.takeSnap(GenericWrappers.java:547)
at utils.Reporter.reportStep(Reporter.java:19)
at wrappers.GenericWrappers.takeSnap(GenericWrappers.java:547)
at utils.Reporter.reportStep(Reporter.java:19)
at wrappers.GenericWrappers.takeSnap(GenericWrappers.java:547)
at utils.Reporter.reportStep(Reporter.java:19)
at wrappers.GenericWrappers.takeSnap(GenericWrappers.java:547)
at utils.Reporter.reportStep(Reporter.java:19)
at wrappers.GenericWrappers.takeSnap(GenericWrappers.java:547)
at utils.Reporter.reportStep(Reporter.java:19)
at wrappers.GenericWrappers.takeSnap(GenericWrappers.java:547)
at utils.Reporter.reportStep(Reporter.java:19)
at wrappers.GenericWrappers.takeSnap(GenericWrappers.java:547)
at utils.Reporter.reportStep(Reporter.java:19)
at wrappers.GenericWrappers.takeSnap(GenericWrappers.java:547)
at utils.Reporter.reportStep(Reporter.java:19)
at wrappers.GenericWrappers.takeSnap(GenericWrappers.java:547)
at utils.Reporter.reportStep(Reporter.java:19)
at wrappers.GenericWrappers.takeSnap(GenericWrappers.java:547)
at utils.Reporter.reportStep(Reporter.java:19)
at wrappers.GenericWrappers.takeSnap(GenericWrappers.java:547)
at utils.Reporter.reportStep(Reporter.java:19)
at wrappers.GenericWrappers.takeSnap(GenericWrappers.java:547)
at utils.Reporter.reportStep(Reporter.java:19)
at wrappers.GenericWrappers.takeSnap(GenericWrappers.java:547)
at utils.Reporter.reportStep(Reporter.java:19)
at wrappers.GenericWrappers.takeSnap(GenericWrappers.java:547)
at utils.Reporter.reportStep(Reporter.java:19)
at wrappers.GenericWrappers.takeSnap(GenericWrappers.java:547)
at utils.Reporter.reportStep(Reporter.java:19)
at wrappers.GenericWrappers.takeSnap(GenericWrappers.java:547)
at utils.Reporter.reportStep(Reporter.java:19)
at wrappers.GenericWrappers.takeSnap(GenericWrappers.java:547)
at utils.Reporter.reportStep(Reporter.java:19)
at wrappers.GenericWrappers.takeSnap(GenericWrappers.java:547)
at utils.Reporter.reportStep(Reporter.java:19)
at wrappers.GenericWrappers.takeSnap(GenericWrappers.java:547)
at utils.Reporter.reportStep(Reporter.java:19)
at wrappers.GenericWrappers.takeSnap(GenericWrappers.java:547)
at utils.Reporter.reportStep(Reporter.java:19)
at wrappers.GenericWrappers.takeSnap(GenericWrappers.java:547)
at utils.Reporter.reportStep(Reporter.java:19)
at wrappers.GenericWrappers.takeSnap(GenericWrappers.java:547)
at utils.Reporter.reportStep(Reporter.java:19)
at wrappers.GenericWrappers.takeSnap(GenericWrappers.java:547)
at utils.Reporter.reportStep(Reporter.java:19)
at wrappers.GenericWrappers.takeSnap(GenericWrappers.java:547)
at utils.Reporter.reportStep(Reporter.java:19)
at wrappers.GenericWrappers.takeSnap(GenericWrappers.java:547)
at utils.Reporter.reportStep(Reporter.java:19)
at wrappers.GenericWrappers.takeSnap(GenericWrappers.java:547)
at utils.Reporter.reportStep(Reporter.java:19)
at wrappers.GenericWrappers.takeSnap(GenericWrappers.java:547)
at utils.Reporter.reportStep(Reporter.java:19)
at wrappers.GenericWrappers.takeSnap(GenericWrappers.java:547)
at utils.Reporter.reportStep(Reporter.java:19)
at wrappers.GenericWrappers.takeSnap(GenericWrappers.java:547)
at utils.Reporter.reportStep(Reporter.java:19)
at wrappers.GenericWrappers.takeSnap(GenericWrappers.java:547)
at utils.Reporter.reportStep(Reporter.java:19)
at wrappers.GenericWrappers.takeSnap(GenericWrappers.java:547)
at utils.Reporter.reportStep(Reporter.java:19)
at wrappers.GenericWrappers.takeSnap(GenericWrappers.java:547)
at utils.Reporter.reportStep(Reporter.java:19)
at wrappers.GenericWrappers.takeSnap(GenericWrappers.java:547)
at utils.Reporter.reportStep(Reporter.java:19)
at wrappers.GenericWrappers.takeSnap(GenericWrappers.java:547)
at utils.Reporter.reportStep(Reporter.java:19)
at wrappers.GenericWrappers.takeSnap(GenericWrappers.java:547)
at utils.Reporter.reportStep(Reporter.java:19)
]]>
            </full-stacktrace>
          </exception> <!-- java.lang.StackOverflowError -->
          <reporter-output>
          </reporter-output>
        </test-method> <!-- testCase1 -->
        <test-method status="PASS" signature="afterMethod()[pri:0, instance:testcases.TestCase1@1a1c291]" name="afterMethod" is-config="true" duration-ms="936" started-at="2023-07-15T12:43:37 EDT" finished-at="2023-07-15T12:43:38 EDT">
          <reporter-output>
          </reporter-output>
        </test-method> <!-- afterMethod -->
        <test-method status="PASS" signature="afterTest()[pri:0, instance:testcases.TestCase1@1a1c291]" name="afterTest" is-config="true" duration-ms="0" started-at="2023-07-15T12:43:38 EDT" finished-at="2023-07-15T12:43:38 EDT">
          <reporter-output>
          </reporter-output>
        </test-method> <!-- afterTest -->
        <test-method status="PASS" signature="afterSuite()[pri:0, instance:testcases.TestCase1@1a1c291]" name="afterSuite" is-config="true" duration-ms="263" started-at="2023-07-15T12:43:38 EDT" finished-at="2023-07-15T12:43:38 EDT">
          <reporter-output>
          </reporter-output>
        </test-method> <!-- afterSuite -->
      </class> <!-- testcases.TestCase1 -->
    </test> <!-- Test -->
  </suite> <!-- Suite -->
</testng-results>
